Vivado Simulator 2017.4
Copyright 1986-1999, 2001-2016 Xilinx, Inc. All Rights Reserved.
Running: C:/Xilinx/Vivado/2017.4/bin/unwrapped/win64.o/xelab.exe -wto 5bd2411704c9464ba32644824e2a6e87 --incr --debug typical --relax --mt 2 -L xil_defaultlib -L secureip --snapshot data_path_tb_behav xil_defaultlib.data_path_tb -log elaborate.log 
Using 2 slave threads.
Starting static elaboration
Completed static elaboration
Starting simulation data flow analysis
Completed simulation data flow analysis
Time Resolution for simulation is 1ps
Compiling package std.standard
Compiling package std.textio
Compiling package ieee.std_logic_1164
Compiling package ieee.std_logic_arith
Compiling package ieee.std_logic_unsigned
Compiling architecture behavioral of entity xil_defaultlib.reg [reg_default]
Compiling architecture behavioral of entity xil_defaultlib.decoder [decoder_default]
Compiling architecture behavioral of entity xil_defaultlib.mux_8_16 [mux_8_16_default]
Compiling architecture behavioral of entity xil_defaultlib.register_file [register_file_default]
Compiling architecture behavioral of entity xil_defaultlib.mux_2_16 [mux_2_16_default]
Compiling architecture behavioral of entity xil_defaultlib.logic_unit [logic_unit_default]
Compiling architecture behavioral of entity xil_defaultlib.full_adder_16 [full_adder_16_default]
Compiling architecture behavioral of entity xil_defaultlib.arithmetic_unit [arithmetic_unit_default]
Compiling architecture behavioral of entity xil_defaultlib.mux2_1 [mux2_1_default]
Compiling architecture behavioral of entity xil_defaultlib.alu [alu_default]
Compiling architecture behavioral of entity xil_defaultlib.z_detect [z_detect_default]
Compiling architecture behavioral of entity xil_defaultlib.alu_16 [alu_16_default]
Compiling architecture behavioral of entity xil_defaultlib.shifter [shifter_default]
Compiling architecture behavioral of entity xil_defaultlib.shifter_16 [shifter_16_default]
Compiling architecture behavioral of entity xil_defaultlib.function_unit [function_unit_default]
Compiling architecture behavioral of entity xil_defaultlib.data_path [data_path_default]
Compiling architecture behavioral of entity xil_defaultlib.data_path_tb
Built simulation snapshot data_path_tb_behav
