Exception at PC 0x00007FF8347F4008
Exception at PC 0x00007FF8347F4008
Exception at PC 0x00007FF8347F4008
Exception at PC 0x00007FF8347F4008
Exception at PC 0x00007FFFE9C9E132
Attemped to write at address 0x00007FFFE5EF4AA4
Printing stacktrace...

[0]  [0x00007FFFE9C9E132]
[1]  [0x00007FFFE9C9E132]
[2]  [0x00007FFFE9C9E194]
[3]  [0x00007FFFE98ED0D7]
[4]  [0x00007FFFE97D2BCA]
[5]  [0x00007FFFE97D2FD1]
[6]  [0x00007FFFE9C9EB2F]
[7]  [0x00007FFFE9B5C19D]
[8]  [0x00007FFFE9B55942]
[9]  [0x00007FFFE9B55AB5]
[10] (RtlDeactivateActivationContextUnsafeFast+0x1b3) [0x00007FF838221493]
[11] (LdrShutdownProcess+0x125) [0x00007FF8382506B5]
[12] (RtlExitUserProcess+0xb4) [0x00007FF838250574]
[13] (ExitProcess+0xa) [0x00007FF836C7F06A]
[14] (exit+0x75) [0x00007FF837FB9B25]
[15] (initterm_e+0x21d) [0x00007FF837FBA16D]
[16]  [0x00000000004014CD]
[17]  [0x000000000040151B]
[18] (BaseThreadInitThunk+0x14) [0x00007FF836C81FE4]
[19] (RtlUserThreadStart+0x21) [0x00007FF83827EFC1]
Done
