Exception at PC 0x00007FFD6F064008
Exception at PC 0x00007FFD6F064008
Exception at PC 0x00007FFD6F064008
Exception at PC 0x00007FFD6F064008
Exception at PC 0x00007FFD1AA4E132
Attemped to write at address 0x00007FFD2EF94AA4
Printing stacktrace...

[0]  [0x00007FFD1AA4E132]
[1]  [0x00007FFD1AA4E132]
[2]  [0x00007FFD1AA4E194]
[3]  [0x00007FFD1A69D0D7]
[4]  [0x00007FFD1A582BCA]
[5]  [0x00007FFD1A582FD1]
[6]  [0x00007FFD1AA4EB2F]
[7]  [0x00007FFD1A90C19D]
[8]  [0x00007FFD1A905942]
[9]  [0x00007FFD1A905AB5]
[10] (RtlDeactivateActivationContextUnsafeFast+0x1b3) [0x00007FFD720A1493]
[11] (LdrShutdownProcess+0x125) [0x00007FFD720D06B5]
[12] (RtlExitUserProcess+0xb4) [0x00007FFD720D0574]
[13] (ExitProcess+0xa) [0x00007FFD70F2F06A]
[14] (exit+0x75) [0x00007FFD71899B25]
[15] (initterm_e+0x21d) [0x00007FFD7189A16D]
[16]  [0x00000000004014CD]
[17]  [0x000000000040151B]
[18] (BaseThreadInitThunk+0x14) [0x00007FFD70F31FE4]
[19] (RtlUserThreadStart+0x21) [0x00007FFD720FEFC1]
Done
